\BOOKMARK [0][-]{chapter.1}{\376\377\000K\000o\000n\000u\000\040\000A\000n\000l\000a\000t\001\061\000m\001\061\000\040\000v\000e\000\040\000D\000e\000r\000s\000\040\000\326\000z\000e\000t\000l\000e\000r\000i}{}% 1
\BOOKMARK [1][-]{section.1.1}{\376\377\000B\000\366\000l\000\374\000m\000\040\0001\000:\000\040\000Y\000a\000p\000a\000y\000\040\000Z\000e\000k\000\342\000y\000a\000\040\000G\000i\000r\000i\001\137\000\040\000v\000e\000\040\000T\000e\000m\000e\000l\000\040\000K\000a\000v\000r\000a\000m\000l\000a\000r}{chapter.1}% 2
\BOOKMARK [2][-]{subsection.1.1.1}{\376\377\000Y\000a\000p\000a\000y\000\040\000Z\000e\000k\000\342\000n\001\061\000n\000\040\000T\000a\000r\000i\000h\000s\000e\000l\000\040\000G\000e\000l\000i\001\137\000i\000m\000i\000\040\000v\000e\000\040\000Y\000a\000p\000a\000y\000\040\000Z\000e\000k\000\342\000\040\000K\001\061\001\137\000l\000a\000r\001\061}{section.1.1}% 3
\BOOKMARK [2][-]{subsection.1.1.2}{\376\377\000Y\000a\000p\000a\000y\000\040\000Z\000e\000k\000\342\000n\001\061\000n\000\040\000H\000i\000y\000e\000r\000a\000r\001\137\000i\000k\000\040\000Y\000a\000p\001\061\000s\001\061}{section.1.1}% 4
\BOOKMARK [2][-]{subsection.1.1.3}{\376\377\000\326\001\037\000r\000e\000n\000m\000e\000\040\000Y\000\366\000n\000t\000e\000m\000l\000e\000r\000i\000\040\000v\000e\000\040\000M\000a\000t\000e\000m\000a\000t\000i\000k\000s\000e\000l\000\040\000T\000e\000m\000e\000l\000l\000e\000r\000i}{section.1.1}% 5
\BOOKMARK [2][-]{subsection.1.1.4}{\376\377\000M\000o\000d\000e\000l\000\040\000P\000e\000r\000f\000o\000r\000m\000a\000n\000s\000\040\000D\000e\001\037\000e\000r\000l\000e\000n\000d\000i\000r\000m\000e\000s\000i\000\040\000v\000e\000\040\000S\000a\000p\000m\000a\000-\000V\000a\000r\000y\000a\000n\000s\000\040\000D\000e\000n\000g\000e\000s\000i}{section.1.1}% 6
\BOOKMARK [1][-]{section.1.2}{\376\377\000B\000\366\000l\000\374\000m\000\040\0002\000:\000\040\000\334\000r\000e\000t\000k\000e\000n\000\040\000Y\000a\000p\000a\000y\000\040\000Z\000e\000k\000\342\000\040\000\050\000G\000e\000n\000e\000r\000a\000t\000i\000v\000e\000\040\000A\000I\000\051\000\040\000v\000e\000\040\000\307\000a\000l\001\061\001\137\000m\000a\000\040\000M\000a\000n\000t\001\061\001\037\001\061}{chapter.1}% 7
\BOOKMARK [2][-]{subsection.1.2.1}{\376\377\000\334\000r\000e\000t\000k\000e\000n\000\040\000M\000i\000m\000a\000r\000i\000l\000e\000r\000i\000n\000\040\000T\000e\000k\000n\000o\000l\000o\000j\000i\000k\000\040\000A\000l\000t\000y\000a\000p\001\061\000s\001\061}{section.1.2}% 8
\BOOKMARK [2][-]{subsection.1.2.2}{\376\377\000G\000\366\000r\000s\000e\000l\000\040\000\334\000r\000e\000t\000i\000m\000\040\000M\000o\000d\000e\000l\000l\000e\000r\000i\000\040\000v\000e\000\040\000K\000a\000r\001\137\001\061\000l\000a\001\137\000t\001\061\000r\000m\000a\000s\001\061}{section.1.2}% 9
\BOOKMARK [2][-]{subsection.1.2.3}{\376\377\000T\000r\000a\000n\000s\000f\000o\000r\000m\000e\000r\000\040\000M\000i\000m\000a\000r\000i\000s\000i\000\040\000v\000e\000\040\000B\000\374\000y\000\374\000k\000\040\000D\000i\000l\000\040\000M\000o\000d\000e\000l\000l\000e\000r\000i\000\040\000\050\000L\000L\000M\000\051}{section.1.2}% 10
\BOOKMARK [1][-]{section.1.3}{\376\377\000B\000\366\000l\000\374\000m\000\040\0003\000:\000\040\001\060\000s\000t\000e\000m\000\040\000M\000\374\000h\000e\000n\000d\000i\000s\000l\000i\001\037\000i\000\040\000\050\000P\000r\000o\000m\000p\000t\000\040\000E\000n\000g\000i\000n\000e\000e\000r\000i\000n\000g\000\051\000\040\000T\000e\000k\000n\000i\000k\000l\000e\000r\000i}{chapter.1}% 11
\BOOKMARK [2][-]{subsection.1.3.1}{\376\377\001\060\000s\000t\000e\000m\000\040\000M\000\374\000h\000e\000n\000d\000i\000s\000l\000i\001\037\000i\000n\000i\000n\000\040\000T\000e\000m\000e\000l\000\040\000F\000e\000l\000s\000e\000f\000e\000s\000i}{section.1.3}% 12
\BOOKMARK [2][-]{subsection.1.3.2}{\376\377\001\060\000s\000t\000e\000m\000\040\000T\000a\000s\000a\000r\001\061\000m\001\061\000n\000d\000a\000\040\000S\000i\000s\000t\000e\000m\000i\000k\000\040\000F\000o\000r\000m\000\374\000l\000l\000e\000r\000\040\000v\000e\000\040\000D\000e\000n\000e\000t\000i\000m\000\040\000L\000i\000s\000t\000e\000l\000e\000r\000i}{section.1.3}% 13
\BOOKMARK [2][-]{subsection.1.3.3}{\376\377\001\060\000s\000t\000e\000m\000\040\000O\000l\000g\000u\000n\000l\000u\000k\000\040\000E\001\037\000r\000i\000s\000i\000\040\000v\000e\000\040\001\060\000l\000e\000r\000i\000\040\000D\000\374\000z\000e\000y\000\040\000T\000e\000k\000n\000i\000k\000l\000e\000r}{section.1.3}% 14
\BOOKMARK [2][-]{subsection.1.3.4}{\376\377\000B\000\374\000y\000\374\000k\000\040\000D\000i\000l\000\040\000M\000o\000d\000e\000l\000i\000\040\000P\000a\000r\000a\000m\000e\000t\000r\000e\000l\000e\000r\000i\000\040\000v\000e\000\040\000K\000o\000n\000t\000r\000o\000l\000l\000e\000r\000i}{section.1.3}% 15
\BOOKMARK [2][-]{subsection.1.3.5}{\376\377\001\060\000s\000t\000e\000m\000\040\000G\000\374\000v\000e\000n\000l\000i\001\037\000i\000\040\000v\000e\000\040\000S\000i\000b\000e\000r\000\040\000T\000e\000h\000d\000i\000t\000l\000e\000r\000\040\000\050\000J\000a\000i\000l\000b\000r\000e\000a\000k\000i\000n\000g\000\040\000\046\000\040\000P\000r\000o\000m\000p\000t\000\040\000I\000n\000j\000e\000c\000t\000i\000o\000n\000\051}{section.1.3}% 16
\BOOKMARK [1][-]{section.1.4}{\376\377\000B\000\366\000l\000\374\000m\000\040\0004\000:\000\040\000G\000e\000l\000i\001\137\000m\000i\001\137\000\040\000M\000i\000m\000a\000r\000i\000l\000e\000r\000\040\000v\000e\000\040\000Y\000a\000p\000a\000y\000\040\000Z\000e\000k\000\342\000\040\000A\000r\000a\000\347\000l\000a\000r\001\061}{chapter.1}% 17
\BOOKMARK [2][-]{subsection.1.4.1}{\376\377\000R\000A\000G\000\040\000M\000i\000m\000a\000r\000i\000s\000i\000\040\000\050\000R\000e\000t\000r\000i\000e\000v\000a\000l\000-\000A\000u\000g\000m\000e\000n\000t\000e\000d\000\040\000G\000e\000n\000e\000r\000a\000t\000i\000o\000n\000\051}{section.1.4}% 18
\BOOKMARK [2][-]{subsection.1.4.2}{\376\377\000\326\000z\000e\000l\000\040\000Y\000a\000p\000a\000y\000\040\000Z\000e\000k\000\342\000\040\000A\000s\000i\000s\000t\000a\000n\000l\000a\000r\001\061\000\040\000v\000e\000\040\000P\000l\000a\000t\000f\000o\000r\000m\000\040\000K\000a\000r\001\137\001\061\000l\000a\001\137\000t\001\061\000r\000m\000a\000s\001\061}{section.1.4}% 19
\BOOKMARK [2][-]{subsection.1.4.3}{\376\377\000M\000o\000d\000e\000l\000\040\000\326\000z\000e\000l\000l\000e\001\137\000t\000i\000r\000m\000e\000\040\000S\000t\000r\000a\000t\000e\000j\000i\000l\000e\000r\000i\000:\000\040\000P\000r\000o\000m\000p\000t\000i\000n\000g\000\040\000v\000s\000.\000\040\000R\000A\000G\000\040\000v\000s\000.\000\040\000F\000i\000n\000e\000-\000T\000u\000n\000i\000n\000g}{section.1.4}% 20
\BOOKMARK [1][-]{section.1.5}{\376\377\000B\000\366\000l\000\374\000m\000\040\0005\000:\000\040\000E\000t\000i\000k\000,\000\040\000H\000u\000k\000u\000k\000,\000\040\000G\000\374\000v\000e\000n\000l\000i\000k\000\040\000v\000e\000\040\000R\000e\000g\000\374\000l\000a\000s\000y\000o\000n\000l\000a\000r}{chapter.1}% 21
\BOOKMARK [2][-]{subsection.1.5.1}{\376\377\000Y\000a\000p\000a\000y\000\040\000Z\000e\000k\000\342\000\040\000G\000\374\000v\000e\000n\000l\000i\001\037\000i\000\040\000v\000e\000\040\000R\000i\000s\000k\000\040\000F\000a\000k\000t\000\366\000r\000l\000e\000r\000i}{section.1.5}% 22
\BOOKMARK [2][-]{subsection.1.5.2}{\376\377\000A\000k\000a\000d\000e\000m\000i\000k\000\040\000E\000t\000i\000k\000,\000\040\000T\000e\000l\000i\000f\000\040\000H\000a\000k\000l\000a\000r\001\061\000\040\000v\000e\000\040\000V\000e\000r\000i\000\040\000G\000i\000z\000l\000i\000l\000i\001\037\000i}{section.1.5}% 23
\BOOKMARK [0][-]{chapter.2}{\376\377\000K\000e\000l\000i\000m\000e\000\040\000K\000a\000r\000t\000l\000a\000r\001\061\000\040\000v\000e\000\040\000H\001\061\000z\000l\001\061\000\040\000T\000e\000k\000r\000a\000r}{}% 24
\BOOKMARK [0][-]{chapter.3}{\376\377\000K\000o\000n\000u\000\040\000S\000o\000n\000u\000\040\000T\000e\000s\000t\000l\000e\000r\000i}{}% 25
\BOOKMARK [1][-]{section.3.1}{\376\377\000A\000I\000\040\000Q\000u\000i\000z\000i}{chapter.3}% 26
\BOOKMARK [1][-]{section.3.2}{\376\377\000G\000e\000m\000\040\000T\000e\000s\000t\000i}{chapter.3}% 27
\BOOKMARK [1][-]{section.3.3}{\376\377\001\060\000s\000t\000e\000m\000\040\000T\000e\000s\000t\000i}{chapter.3}% 28
\BOOKMARK [1][-]{section.3.4}{\376\377\000Y\000a\000p\000a\000y\000\040\000Z\000e\000k\000a\000\040\000T\000e\000s\000t\000i}{chapter.3}% 29
\BOOKMARK [0][-]{chapter.4}{\376\377\000G\000e\000n\000e\000l\000\040\000D\000e\001\037\000e\000r\000l\000e\000n\000d\000i\000r\000m\000e\000\040\000S\001\061\000n\000a\000v\000\040\000S\000o\000r\000u\000l\000a\000r\001\061\000\040\000\050\000G\000\366\000r\000s\000e\000l\000l\000e\000r\000\051}{}% 30
