\BOOKMARK [1][-]{section*.2}{\376\377\000G\000i\000r\000i\001\137}{}% 1
\BOOKMARK [1][-]{section.1}{\376\377\000M\000a\000k\000i\000n\000e\000\040\000\326\001\037\000r\000e\000n\000m\000e\000s\000i\000n\000i\000n\000\040\000T\000e\000m\000e\000l\000l\000e\000r\000i}{}% 2
\BOOKMARK [2][-]{subsection.1.1}{\376\377\000M\000a\000k\000i\000n\000e\000\040\000\326\001\037\000r\000e\000n\000m\000e\000s\000i\000\040\000N\000e\000d\000i\000r\000?}{section.1}% 3
\BOOKMARK [3][-]{subsubsection.1.1.1}{\376\377\000M\000o\000d\000e\000r\000n\000\040\000O\000p\000t\000i\000m\000i\000z\000e\000r\000l\000a\000r\000:\000\040\000A\000d\000a\000m}{subsection.1.1}% 4
\BOOKMARK [3][-]{subsubsection.1.1.2}{\376\377\000D\000e\000n\000e\000t\000i\000m\000l\000i\000,\000\040\000D\000e\000n\000e\000t\000i\000m\000s\000i\000z\000\040\000v\000e\000\040\000Y\000a\000r\001\061\000-\000D\000e\000n\000e\000t\000i\000m\000l\000i\000\040\000\326\001\037\000r\000e\000n\000m\000e}{subsection.1.1}% 5
\BOOKMARK [3][-]{subsubsection.1.1.3}{\376\377\000T\000a\000k\000v\000i\000y\000e\000l\000i\000\040\000\326\001\037\000r\000e\000n\000m\000e\000\040\000\050\000R\000e\000i\000n\000f\000o\000r\000c\000e\000m\000e\000n\000t\000\040\000L\000e\000a\000r\000n\000i\000n\000g\000\051\000\040\000T\000e\000m\000e\000l\000l\000e\000r\000i}{subsection.1.1}% 6
\BOOKMARK [3][-]{subsubsection.1.1.4}{\376\377\000T\000e\000m\000e\000l\000\040\000T\000e\000o\000r\000e\000m\000l\000e\000r\000:\000\040\000N\000o\000\040\000F\000r\000e\000e\000\040\000L\000u\000n\000c\000h\000\040\000v\000e\000\040\000I\000n\000d\000u\000c\000t\000i\000v\000e\000\040\000B\000i\000a\000s}{subsection.1.1}% 7
\BOOKMARK [3][-]{subsubsection.1.1.5}{\376\377\000M\000a\000k\000i\000n\000e\000\040\000\326\001\037\000r\000e\000n\000m\000e\000s\000i\000\040\001\060\001\137\000\040\000A\000k\001\061\001\137\001\061\000\040\000\050\000P\000i\000p\000e\000l\000i\000n\000e\000\051}{subsection.1.1}% 8
\BOOKMARK [2][-]{subsection.1.2}{\376\377\000H\000a\000t\000a\000\040\000v\000e\000\040\000P\000e\000r\000f\000o\000r\000m\000a\000n\000s\000\040\000A\000n\000a\000l\000i\000z\000i}{section.1}% 9
\BOOKMARK [3][-]{subsubsection.1.2.1}{\376\377\000B\000i\000a\000s\000-\000V\000a\000r\000i\000a\000n\000c\000e\000\040\000\326\000d\000\374\000n\000l\000e\001\137\000i\000m\000i\000\040\000\050\000T\000r\000a\000d\000e\000-\000o\000f\000f\000\051}{subsection.1.2}% 10
\BOOKMARK [3][-]{subsubsection.1.2.2}{\376\377\000H\000a\000t\000a\000\040\000B\000i\000l\000e\001\137\000e\000n\000l\000e\000r\000i\000:\000\040\000M\000S\000E\000\040\000=\000\040\000B\000i\000a\000s\0002\000\050\000f\000\051\000\040\000+\000\040\000V\000a\000r\000\050\000f\000\051\000\040\000+\000\040\0002}{subsection.1.2}% 11
\BOOKMARK [3][-]{subsubsection.1.2.3}{\376\377\000S\001\061\000n\001\061\000f\000l\000a\000n\000d\001\061\000r\000m\000a\000\040\000H\000a\000t\000a\000\040\000O\000r\000a\000n\001\061\000\040\000\050\000E\000\051}{subsection.1.2}% 12
\BOOKMARK [3][-]{subsubsection.1.2.4}{\376\377\000A\001\137\001\061\000r\001\061\000\040\000\326\001\037\000r\000e\000n\000m\000e\000\040\000\050\000O\000v\000e\000r\000f\000i\000t\000t\000i\000n\000g\000\051\000\040\000v\000e\000\040\000E\000k\000s\000i\000k\000\040\000\326\001\037\000r\000e\000n\000m\000e\000\040\000\050\000U\000n\000d\000e\000r\000f\000i\000t\000t\000i\000n\000g\000\051}{subsection.1.2}% 13
\BOOKMARK [2][-]{subsection.1.3}{\376\377\000V\000e\000r\000i\000\040\000Y\000\366\000n\000e\000t\000i\000m\000i\000\040\000S\000t\000r\000a\000t\000e\000j\000i\000l\000e\000r\000i}{section.1}% 14
\BOOKMARK [3][-]{subsubsection.1.3.1}{\376\377\000E\001\037\000i\000t\000i\000m\000,\000\040\000T\000e\000s\000t\000\040\000v\000e\000\040\000D\000o\001\037\000r\000u\000l\000a\000m\000a\000\040\000\050\000V\000a\000l\000i\000d\000a\000t\000i\000o\000n\000\051\000\040\000S\000e\000t\000l\000e\000r\000i}{subsection.1.3}% 15
\BOOKMARK [3][-]{subsubsection.1.3.2}{\376\377\000M\000o\000d\000e\000l\000\040\000S\000e\000\347\000i\000m\000i\000:\000\040\000A\000I\000C\000\040\000v\000e\000\040\000B\000I\000C\000\040\000K\000r\000i\000t\000e\000r\000l\000e\000r\000i}{subsection.1.3}% 16
\BOOKMARK [3][-]{subsubsection.1.3.3}{\376\377\000V\000e\000r\000i\000\040\000S\001\061\000z\001\061\000n\000t\001\061\000s\001\061\000\040\000\050\000D\000a\000t\000a\000\040\000L\000e\000a\000k\000a\000g\000e\000\051\000\040\000K\000a\000v\000r\000a\000m\001\061}{subsection.1.3}% 17
\BOOKMARK [1][-]{section.2}{\376\377\000V\000e\000r\000i\000\040\000H\000a\000z\001\061\000r\000l\001\061\001\037\001\061\000\040\000v\000e\000\040\000\326\000z\000e\000l\000l\000i\000k\000\040\000M\000\374\000h\000e\000n\000d\000i\000s\000l\000i\001\037\000i}{}% 18
\BOOKMARK [2][-]{subsection.2.1}{\376\377\000V\000e\000r\000i\000\040\000\326\000n\000\040\001\060\001\137\000l\000e\000m\000e\000\040\000\050\000P\000r\000e\000p\000r\000o\000c\000e\000s\000s\000i\000n\000g\000\051}{section.2}% 19
\BOOKMARK [3][-]{subsubsection.2.1.1}{\376\377\000\326\000l\000\347\000e\000k\000l\000e\000m\000e\000:\000\040\000S\000t\000a\000n\000d\000a\000r\000t\000l\000a\001\137\000t\001\061\000r\000m\000a\000\040\000\050\000Z\000-\000S\000c\000o\000r\000e\000\051\000\040\000v\000e\000\040\000N\000o\000r\000m\000a\000l\000i\000z\000a\000s\000y\000o\000n}{subsection.2.1}% 20
\BOOKMARK [3][-]{subsubsection.2.1.2}{\376\377\000E\000k\000s\000i\000k\000\040\000D\000e\001\037\000e\000r\000\040\000A\000n\000a\000l\000i\000z\000i\000\040\000v\000e\000\040\001\060\000m\000p\000u\000t\000a\000s\000y\000o\000n}{subsection.2.1}% 21
\BOOKMARK [3][-]{subsubsection.2.1.3}{\376\377\000D\000a\001\037\001\061\000l\001\061\000m\000\040\000Y\000\366\000n\000e\000t\000i\000m\000i\000\040\000v\000e\000\040\000D\000\366\000n\000\374\001\137\000\374\000m\000l\000e\000r}{subsection.2.1}% 22
\BOOKMARK [2][-]{subsection.2.2}{\376\377\000\326\000z\000e\000l\000l\000i\000k\000\040\000S\000e\000\347\000i\000m\000i\000\040\000\050\000F\000e\000a\000t\000u\000r\000e\000\040\000S\000e\000l\000e\000c\000t\000i\000o\000n\000\051}{section.2}% 23
\BOOKMARK [2][-]{subsection.2.3}{\376\377\000B\000o\000y\000u\000t\000l\000a\000r\001\061\000n\000\040\000L\000a\000n\000e\000t\000i\000\040\000\050\000C\000u\000r\000s\000e\000\040\000o\000f\000\040\000D\000i\000m\000e\000n\000s\000i\000o\000n\000a\000l\000i\000t\000y\000\051}{section.2}% 24
\BOOKMARK [2][-]{subsection.2.4}{\376\377\000M\000e\000s\000a\000f\000e\000\040\000v\000e\000\040\000B\000e\000n\000z\000e\000r\000l\000i\000k\000\040\000\326\000l\000\347\000\374\000t\000l\000e\000r\000i}{section.2}% 25
\BOOKMARK [1][-]{section.3}{\376\377\000R\000e\000g\000r\000e\000s\000y\000o\000n\000\040\000M\000o\000d\000e\000l\000l\000e\000r\000i}{}% 26
\BOOKMARK [2][-]{subsection.3.1}{\376\377\000D\000o\001\037\000r\000u\000s\000a\000l\000\040\000v\000e\000\040\000\307\000o\000k\000l\000u\000\040\000R\000e\000g\000r\000e\000s\000y\000o\000n}{section.3}% 27
\BOOKMARK [3][-]{subsubsection.3.1.1}{\376\377\000E\000n\000\040\000K\000\374\000\347\000\374\000k\000\040\000K\000a\000r\000e\000l\000e\000r\000\040\000\050\000O\000L\000S\000\051\000\040\000v\000e\000\040\000N\000o\000r\000m\000a\000l\000\040\000D\000e\000n\000k\000l\000e\000m}{subsection.3.1}% 28
\BOOKMARK [3][-]{subsubsection.3.1.2}{\376\377\000P\000o\000l\000i\000n\000o\000m\000s\000a\000l\000\040\000R\000e\000g\000r\000e\000s\000y\000o\000n}{subsection.3.1}% 29
\BOOKMARK [3][-]{subsubsection.3.1.3}{\376\377\000R\000A\000N\000S\000A\000C\000:\000\040\000S\000a\001\037\000l\000a\000m\000\040\000\050\000R\000o\000b\000u\000s\000t\000\051\000\040\000R\000e\000g\000r\000e\000s\000y\000o\000n}{subsection.3.1}% 30
\BOOKMARK [2][-]{subsection.3.2}{\376\377\000D\000\374\000z\000e\000n\000l\000i\000l\000e\001\137\000t\000i\000r\000m\000e\000\040\000\050\000R\000e\000g\000u\000l\000a\000r\000i\000z\000a\000t\000i\000o\000n\000\051\000\040\000v\000e\000\040\000S\000e\000y\000r\000e\000k\000l\000i\000k}{section.3}% 31
\BOOKMARK [2][-]{subsection.3.3}{\376\377\000H\000a\000t\000a\000\040\000\326\000l\000\347\000\374\000t\000l\000e\000r\000i\000\040\000v\000e\000\040\000Y\000o\000r\000u\000m\000l\000a\000m\000a}{section.3}% 32
\BOOKMARK [3][-]{subsubsection.3.3.1}{\376\377\000R\000-\000K\000a\000r\000e\000\040\000v\000e\000\040\000D\000\374\000z\000e\000l\000t\000i\000l\000m\000i\001\137\000\040\000R\000-\000K\000a\000r\000e}{subsection.3.3}% 33
\BOOKMARK [1][-]{section.4}{\376\377\000S\001\061\000n\001\061\000f\000l\000a\000n\000d\001\061\000r\000m\000a\000\040\000M\000o\000d\000e\000l\000l\000e\000r\000i}{}% 34
\BOOKMARK [2][-]{subsection.4.1}{\376\377\000L\000o\000j\000i\000s\000t\000i\000k\000\040\000T\000a\000h\000m\000i\000n}{section.4}% 35
\BOOKMARK [2][-]{subsection.4.2}{\376\377\000\326\000r\000n\000e\000k\000\040\000T\000a\000b\000a\000n\000l\001\061\000\040\000\326\001\037\000r\000e\000n\000m\000e\000:\000\040\000k\000-\000N\000N}{section.4}% 36
\BOOKMARK [2][-]{subsection.4.3}{\376\377\000D\000e\000s\000t\000e\000k\000\040\000V\000e\000k\000t\000\366\000r\000\040\000M\000a\000k\000i\000n\000e\000l\000e\000r\000i\000\040\000\050\000S\000V\000M\000\051}{section.4}% 37
\BOOKMARK [2][-]{subsection.4.4}{\376\377\000K\000a\000r\000a\000r\000\040\000Y\000a\000p\001\061\000l\000a\000r\001\061\000\040\000v\000e\000\040\000T\000o\000p\000l\000u\000l\000u\000k\000l\000a\000r\000\040\000\050\000E\000n\000s\000e\000m\000b\000l\000e\000s\000\051}{section.4}% 38
\BOOKMARK [1][-]{section.5}{\376\377\000K\000\374\000m\000e\000l\000e\000m\000e\000\040\000v\000e\000\040\000Y\000a\000p\001\061\000\040\000B\000u\000l\000m\000a}{}% 39
\BOOKMARK [2][-]{subsection.5.1}{\376\377\000M\000e\000r\000k\000e\000z\000\040\000T\000a\000b\000a\000n\000l\001\061\000\040\000K\000\374\000m\000e\000l\000e\000m\000e\000:\000\040\000K\000-\000M\000e\000a\000n\000s}{section.5}% 40
\BOOKMARK [2][-]{subsection.5.2}{\376\377\000H\000i\000y\000e\000r\000a\000r\001\137\000i\000k\000\040\000v\000e\000\040\000Y\000o\001\037\000u\000n\000l\000u\000k\000\040\000T\000a\000b\000a\000n\000l\001\061\000\040\000Y\000a\000p\001\061\000l\000a\000r}{section.5}% 41
\BOOKMARK [1][-]{section.6}{\376\377\000B\000o\000y\000u\000t\000\040\000D\000\374\001\137\000\374\000r\000m\000e\000\040\000v\000e\000\040\000V\000e\000r\000i\000\040\000S\001\061\000k\001\061\001\137\000t\001\061\000r\000m\000a}{}% 42
\BOOKMARK [2][-]{subsection.6.1}{\376\377\000D\000o\001\037\000r\000u\000s\000a\000l\000\040\001\060\000z\000d\000\374\001\137\000\374\000m\000\040\000Y\000\366\000n\000t\000e\000m\000l\000e\000r\000i}{section.6}% 43
\BOOKMARK [2][-]{subsection.6.2}{\376\377\000K\000a\000r\000m\000a\001\137\001\061\000k\000\040\000v\000e\000\040\000D\000o\001\037\000r\000u\000s\000a\000l\000\040\000O\000l\000m\000a\000y\000a\000n\000\040\000D\000\366\000n\000\374\001\137\000\374\000m\000l\000e\000r}{section.6}% 44
\BOOKMARK [1][-]{section.7}{\376\377\000Y\000a\000p\000a\000y\000\040\000S\000i\000n\000i\000r\000\040\000A\001\037\000l\000a\000r\001\061\000\040\000v\000e\000\040\000D\000e\000r\000i\000n\000\040\000\326\001\037\000r\000e\000n\000m\000e}{}% 45
\BOOKMARK [2][-]{subsection.7.1}{\376\377\000N\000\366\000r\000o\000n\000\040\000Y\000a\000p\001\061\000s\001\061\000\040\000v\000e\000\040\000A\000k\000t\000i\000v\000a\000s\000y\000o\000n\000\040\000F\000o\000n\000k\000s\000i\000y\000o\000n\000l\000a\000r\001\061}{section.7}% 46
\BOOKMARK [2][-]{subsection.7.2}{\376\377\000E\001\037\000i\000t\000i\000m\000\040\000S\000\374\000r\000e\000c\000i\000:\000\040\000G\000e\000r\000i\000\040\000Y\000a\000y\001\061\000l\001\061\000m\000\040\000\050\000B\000a\000c\000k\000p\000r\000o\000p\000a\000g\000a\000t\000i\000o\000n\000\051}{section.7}% 47
\BOOKMARK [2][-]{subsection.7.3}{\376\377\000O\000p\000t\000i\000m\000i\000z\000a\000s\000y\000o\000n\000\040\000v\000e\000\040\000D\000\374\000z\000e\000n\000l\000i\000l\000e\001\137\000t\000i\000r\000m\000e}{section.7}% 48
\BOOKMARK [1][-]{section.8}{\376\377\000M\000o\000d\000e\000l\000\040\000D\000e\001\037\000e\000r\000l\000e\000n\000d\000i\000r\000m\000e\000\040\000v\000e\000\040\000O\000p\000t\000i\000m\000i\000z\000a\000s\000y\000o\000n}{}% 49
\BOOKMARK [2][-]{subsection.8.1}{\376\377\000D\000o\001\037\000r\000u\000l\000a\000m\000a\000\040\000v\000e\000\040\000\307\000a\000p\000r\000a\000z\000\040\000D\000o\001\037\000r\000u\000l\000a\000m\000a\000\040\000\050\000C\000r\000o\000s\000s\000-\000V\000a\000l\000i\000d\000a\000t\000i\000o\000n\000\051}{section.8}% 50
\BOOKMARK [2][-]{subsection.8.2}{\376\377\000H\000i\000p\000e\000r\000p\000a\000r\000a\000m\000e\000t\000r\000e\000\040\000O\000p\000t\000i\000m\000i\000z\000a\000s\000y\000o\000n\000u\000\040\000S\000t\000r\000a\000t\000e\000j\000i\000l\000e\000r\000i}{section.8}% 51
\BOOKMARK [2][-]{subsection.8.3}{\376\377\000B\000a\001\137\000a\000r\001\061\000\040\000M\000e\000t\000r\000i\000k\000l\000e\000r\000i}{section.8}% 52
\BOOKMARK [1][-]{section.9}{\376\377\000\326\000z\000e\000t\000\040\000K\000a\000r\001\137\001\061\000l\000a\001\137\000t\001\061\000r\000m\000a\000l\000a\000r\000\040\000v\000e\000\040\000K\000r\000i\000t\000i\000k\000\040\001\060\000p\000u\000\347\000l\000a\000r\001\061}{}% 53
\BOOKMARK [2][-]{subsection.9.1}{\376\377\000R\000e\000g\000r\000e\000s\000y\000o\000n\000\040\000v\000e\000\040\000D\000\374\000z\000e\000n\000l\000i\000l\000e\001\137\000t\000i\000r\000m\000e}{section.9}% 54
\BOOKMARK [2][-]{subsection.9.2}{\376\377\000M\000e\000s\000a\000f\000e\000\040\000v\000e\000\040\000S\001\061\000n\001\061\000f\000l\000a\000n\000d\001\061\000r\000m\000a}{section.9}% 55
\BOOKMARK [2][-]{subsection.9.3}{\376\377\000K\000a\000r\000a\000r\000\040\000A\001\037\000a\000\347\000l\000a\000r\001\061\000\040\000v\000e\000\040\000T\000o\000p\000l\000u\000l\000u\000k\000l\000a\000r}{section.9}% 56
\BOOKMARK [1][-]{section.10}{\376\377\000\326\001\037\000r\000e\000n\000m\000e\000\040\000K\000a\000r\000t\000l\000a\000r\001\061\000\040\000\050\0001\0002\0001\000\040\000A\000d\000e\000t\000\051}{}% 57
\BOOKMARK [1][-]{section.11}{\376\377\000T\000e\000s\000t\000\040\000B\000a\000n\000k\000a\000s\001\061\000\040\000\050\0009\0000\000\040\000S\000o\000r\000u\000\051}{}% 58
\BOOKMARK [2][-]{subsection.11.1}{\376\377\000A\000l\000g\000o\000r\000i\000t\000m\000a\000\040\000T\000e\000s\000t\000i}{section.11}% 59
\BOOKMARK [2][-]{subsection.11.2}{\376\377\000M\000o\000d\000e\000l\000\040\000T\000e\000s\000t\000i}{section.11}% 60
\BOOKMARK [2][-]{subsection.11.3}{\376\377\000R\000e\000g\000r\000e\000s\000y\000o\000n\000\040\000T\000e\000s\000t\000i}{section.11}% 61
\BOOKMARK [2][-]{subsection.11.4}{\376\377\000S\001\061\000n\001\061\000f\000l\000a\000n\000d\001\061\000r\000m\000a\000\040\000T\000e\000s\000t\000i}{section.11}% 62
\BOOKMARK [2][-]{subsection.11.5}{\376\377\000P\000e\000r\000f\000o\000r\000m\000a\000n\000s\000\040\000v\000e\000\040\000\326\000z\000e\000l\000l\000i\000k\000\040\000A\000n\000a\000l\000i\000z\000i}{section.11}% 63
\BOOKMARK [2][-]{subsection.11.6}{\376\377\000\326\000z\000e\000l\000l\000i\000k\000\040\000T\000e\000s\000t\000i}{section.11}% 64
