\BOOKMARK [1][-]{section*.2}{\376\377\000G\000i\000r\000i\001\137}{}% 1
\BOOKMARK [1][-]{section.1}{\376\377\000M\000a\000k\000i\000n\000e\000\040\000\326\001\037\000r\000e\000n\000m\000e\000s\000i\000n\000i\000n\000\040\000T\000e\000m\000e\000l\000l\000e\000r\000i}{}% 2
\BOOKMARK [2][-]{subsection.1.1}{\376\377\000M\000a\000k\000i\000n\000e\000\040\000\326\001\037\000r\000e\000n\000m\000e\000s\000i\000\040\000N\000e\000d\000i\000r\000?}{section.1}% 3
\BOOKMARK [3][-]{subsubsection.1.1.1}{\376\377\000M\000a\000k\000i\000n\000e\000\040\000\326\001\037\000r\000e\000n\000m\000e\000s\000i\000\040\001\060\001\137\000\040\000A\000k\001\061\001\137\001\061\000\040\000\050\000P\000i\000p\000e\000l\000i\000n\000e\000\051}{subsection.1.1}% 4
\BOOKMARK [2][-]{subsection.1.2}{\376\377\000H\000a\000t\000a\000\040\000v\000e\000\040\000P\000e\000r\000f\000o\000r\000m\000a\000n\000s\000\040\000A\000n\000a\000l\000i\000z\000i}{section.1}% 5
\BOOKMARK [3][-]{subsubsection.1.2.1}{\376\377\000B\000i\000a\000s\000-\000V\000a\000r\000i\000a\000n\000c\000e\000\040\000\326\000d\000\374\000n\000l\000e\001\137\000i\000m\000i\000\040\000\050\000T\000r\000a\000d\000e\000-\000o\000f\000f\000\051}{subsection.1.2}% 6
\BOOKMARK [3][-]{subsubsection.1.2.2}{\376\377\000H\000a\000t\000a\000\040\000B\000i\000l\000e\001\137\000e\000n\000l\000e\000r\000i\000:\000\040\000M\000S\000E\000\040\000=\000\040\000B\000i\000a\000s\0002\000\050\000f\000\051\000\040\000+\000\040\000V\000a\000r\000\050\000f\000\051\000\040\000+\000\040\0002}{subsection.1.2}% 7
\BOOKMARK [3][-]{subsubsection.1.2.3}{\376\377\000S\001\061\000n\001\061\000f\000l\000a\000n\000d\001\061\000r\000m\000a\000\040\000H\000a\000t\000a\000\040\000O\000r\000a\000n\001\061\000\040\000\050\000E\000\051}{subsection.1.2}% 8
\BOOKMARK [2][-]{subsection.1.3}{\376\377\000V\000e\000r\000i\000\040\000Y\000\366\000n\000e\000t\000i\000m\000i\000\040\000S\000t\000r\000a\000t\000e\000j\000i\000l\000e\000r\000i}{section.1}% 9
\BOOKMARK [3][-]{subsubsection.1.3.1}{\376\377\000E\001\037\000i\000t\000i\000m\000,\000\040\000T\000e\000s\000t\000\040\000v\000e\000\040\000D\000o\001\037\000r\000u\000l\000a\000m\000a\000\040\000\050\000V\000a\000l\000i\000d\000a\000t\000i\000o\000n\000\051\000\040\000S\000e\000t\000l\000e\000r\000i}{subsection.1.3}% 10
\BOOKMARK [3][-]{subsubsection.1.3.2}{\376\377\000M\000o\000d\000e\000l\000\040\000S\000e\000\347\000i\000m\000i\000:\000\040\000A\000I\000C\000\040\000v\000e\000\040\000B\000I\000C\000\040\000K\000r\000i\000t\000e\000r\000l\000e\000r\000i}{subsection.1.3}% 11
\BOOKMARK [3][-]{subsubsection.1.3.3}{\376\377\000V\000e\000r\000i\000\040\000S\001\061\000z\001\061\000n\000t\001\061\000s\001\061\000\040\000\050\000D\000a\000t\000a\000\040\000L\000e\000a\000k\000a\000g\000e\000\051}{subsection.1.3}% 12
\BOOKMARK [1][-]{section.2}{\376\377\000V\000e\000r\000i\000\040\000H\000a\000z\001\061\000r\000l\001\061\001\037\001\061\000\040\000v\000e\000\040\000\326\000z\000e\000l\000l\000i\000k\000\040\000M\000\374\000h\000e\000n\000d\000i\000s\000l\000i\001\037\000i}{}% 13
\BOOKMARK [2][-]{subsection.2.1}{\376\377\000V\000e\000r\000i\000\040\000\326\000n\000\040\001\060\001\137\000l\000e\000m\000e\000\040\000\050\000P\000r\000e\000p\000r\000o\000c\000e\000s\000s\000i\000n\000g\000\051}{section.2}% 14
\BOOKMARK [3][-]{subsubsection.2.1.1}{\376\377\000\326\000l\000\347\000e\000k\000l\000e\000m\000e\000:\000\040\000S\000t\000a\000n\000d\000a\000r\000t\000l\000a\001\137\000t\001\061\000r\000m\000a\000\040\000\050\000Z\000-\000S\000c\000o\000r\000e\000\051\000\040\000v\000e\000\040\000N\000o\000r\000m\000a\000l\000i\000z\000a\000s\000y\000o\000n}{subsection.2.1}% 15
\BOOKMARK [3][-]{subsubsection.2.1.2}{\376\377\000E\000k\000s\000i\000k\000\040\000D\000e\001\037\000e\000r\000\040\000A\000n\000a\000l\000i\000z\000i\000\040\000v\000e\000\040\001\060\000m\000p\000u\000t\000a\000s\000y\000o\000n}{subsection.2.1}% 16
\BOOKMARK [3][-]{subsubsection.2.1.3}{\376\377\000D\000a\001\037\001\061\000l\001\061\000m\000\040\000Y\000\366\000n\000e\000t\000i\000m\000i\000\040\000v\000e\000\040\000D\000\366\000n\000\374\001\137\000\374\000m\000l\000e\000r}{subsection.2.1}% 17
\BOOKMARK [2][-]{subsection.2.2}{\376\377\000\326\000z\000e\000l\000l\000i\000k\000\040\000S\000e\000\347\000i\000m\000i\000\040\000\050\000F\000e\000a\000t\000u\000r\000e\000\040\000S\000e\000l\000e\000c\000t\000i\000o\000n\000\051}{section.2}% 18
\BOOKMARK [2][-]{subsection.2.3}{\376\377\000B\000o\000y\000u\000t\000l\000a\000r\001\061\000n\000\040\000L\000a\000n\000e\000t\000i\000\040\000\050\000C\000u\000r\000s\000e\000\040\000o\000f\000\040\000D\000i\000m\000e\000n\000s\000i\000o\000n\000a\000l\000i\000t\000y\000\051}{section.2}% 19
\BOOKMARK [2][-]{subsection.2.4}{\376\377\000M\000e\000s\000a\000f\000e\000\040\000v\000e\000\040\000B\000e\000n\000z\000e\000r\000l\000i\000k\000\040\000\326\000l\000\347\000\374\000t\000l\000e\000r\000i}{section.2}% 20
\BOOKMARK [1][-]{section.3}{\376\377\000R\000e\000g\000r\000e\000s\000y\000o\000n\000\040\000M\000o\000d\000e\000l\000l\000e\000r\000i}{}% 21
\BOOKMARK [2][-]{subsection.3.1}{\376\377\000D\000o\001\037\000r\000u\000s\000a\000l\000\040\000v\000e\000\040\000\307\000o\000k\000l\000u\000\040\000R\000e\000g\000r\000e\000s\000y\000o\000n}{section.3}% 22
\BOOKMARK [3][-]{subsubsection.3.1.1}{\376\377\000E\000n\000\040\000K\000\374\000\347\000\374\000k\000\040\000K\000a\000r\000e\000l\000e\000r\000\040\000\050\000O\000L\000S\000\051\000\040\000v\000e\000\040\000N\000o\000r\000m\000a\000l\000\040\000D\000e\000n\000k\000l\000e\000m}{subsection.3.1}% 23
\BOOKMARK [3][-]{subsubsection.3.1.2}{\376\377\000P\000o\000l\000i\000n\000o\000m\000s\000a\000l\000\040\000R\000e\000g\000r\000e\000s\000y\000o\000n}{subsection.3.1}% 24
\BOOKMARK [3][-]{subsubsection.3.1.3}{\376\377\000R\000A\000N\000S\000A\000C\000:\000\040\000S\000a\001\037\000l\000a\000m\000\040\000\050\000R\000o\000b\000u\000s\000t\000\051\000\040\000R\000e\000g\000r\000e\000s\000y\000o\000n}{subsection.3.1}% 25
\BOOKMARK [2][-]{subsection.3.2}{\376\377\000H\000a\000t\000a\000\040\000\326\000l\000\347\000\374\000t\000l\000e\000r\000i\000\040\000v\000e\000\040\000Y\000o\000r\000u\000m\000l\000a\000m\000a}{section.3}% 26
\BOOKMARK [3][-]{subsubsection.3.2.1}{\376\377\000R\000-\000K\000a\000r\000e\000\040\000v\000e\000\040\000D\000\374\000z\000e\000l\000t\000i\000l\000m\000i\001\137\000\040\000R\000-\000K\000a\000r\000e}{subsection.3.2}% 27
\BOOKMARK [1][-]{section.4}{\376\377\000S\001\061\000n\001\061\000f\000l\000a\000n\000d\001\061\000r\000m\000a\000\040\000M\000o\000d\000e\000l\000l\000e\000r\000i}{}% 28
\BOOKMARK [2][-]{subsection.4.1}{\376\377\000L\000o\000j\000i\000s\000t\000i\000k\000\040\000T\000a\000h\000m\000i\000n}{section.4}% 29
\BOOKMARK [2][-]{subsection.4.2}{\376\377\000\326\000r\000n\000e\000k\000\040\000T\000a\000b\000a\000n\000l\001\061\000\040\000\326\001\037\000r\000e\000n\000m\000e\000:\000\040\000k\000-\000N\000N}{section.4}% 30
\BOOKMARK [2][-]{subsection.4.3}{\376\377\000O\000l\000a\000s\001\061\000l\001\061\000k\000s\000a\000l\000\040\000M\000o\000d\000e\000l\000l\000e\000r\000:\000\040\000N\000a\000i\000v\000e\000\040\000B\000a\000y\000e\000s}{section.4}% 31
\BOOKMARK [1][-]{section.5}{\376\377\000K\000\374\000m\000e\000l\000e\000m\000e\000\040\000v\000e\000\040\000Y\000a\000p\001\061\000\040\000B\000u\000l\000m\000a}{}% 32
\BOOKMARK [2][-]{subsection.5.1}{\376\377\000M\000e\000r\000k\000e\000z\000\040\000T\000a\000b\000a\000n\000l\001\061\000\040\000K\000\374\000m\000e\000l\000e\000m\000e\000:\000\040\000K\000-\000M\000e\000a\000n\000s}{section.5}% 33
\BOOKMARK [2][-]{subsection.5.2}{\376\377\000H\000i\000y\000e\000r\000a\000r\001\137\000i\000k\000\040\000v\000e\000\040\000Y\000o\001\037\000u\000n\000l\000u\000k\000\040\000T\000a\000b\000a\000n\000l\001\061\000\040\000Y\000a\000p\001\061\000l\000a\000r}{section.5}% 34
\BOOKMARK [2][-]{subsection.5.3}{\376\377\001\060\000l\000e\000r\000i\000\040\000S\000e\000v\000i\000y\000e\000\040\000T\000e\000m\000s\000i\000l}{section.5}% 35
\BOOKMARK [1][-]{section.6}{\376\377\000B\000o\000y\000u\000t\000\040\000D\000\374\001\137\000\374\000r\000m\000e\000\040\000v\000e\000\040\000V\000e\000r\000i\000\040\000S\001\061\000k\001\061\001\137\000t\001\061\000r\000m\000a}{}% 36
\BOOKMARK [2][-]{subsection.6.1}{\376\377\000K\000a\000r\000m\000a\001\137\001\061\000k\000\040\000v\000e\000\040\000D\000o\001\037\000r\000u\000s\000a\000l\000\040\000O\000l\000m\000a\000y\000a\000n\000\040\000D\000\366\000n\000\374\001\137\000\374\000m\000l\000e\000r}{section.6}% 37
\BOOKMARK [1][-]{section.7}{\376\377\000Y\000a\000p\000a\000y\000\040\000S\000i\000n\000i\000r\000\040\000A\001\037\000l\000a\000r\001\061\000\040\000v\000e\000\040\000D\000e\000r\000i\000n\000\040\000\326\001\037\000r\000e\000n\000m\000e}{}% 38
\BOOKMARK [2][-]{subsection.7.1}{\376\377\000N\000\366\000r\000o\000n\000\040\000Y\000a\000p\001\061\000s\001\061\000\040\000v\000e\000\040\000A\000k\000t\000i\000v\000a\000s\000y\000o\000n\000\040\000F\000o\000n\000k\000s\000i\000y\000o\000n\000l\000a\000r\001\061}{section.7}% 39
\BOOKMARK [2][-]{subsection.7.2}{\376\377\000E\001\037\000i\000t\000i\000m\000\040\000S\000\374\000r\000e\000c\000i\000:\000\040\000G\000e\000r\000i\000\040\000Y\000a\000y\001\061\000l\001\061\000m\000\040\000\050\000B\000a\000c\000k\000p\000r\000o\000p\000a\000g\000a\000t\000i\000o\000n\000\051}{section.7}% 40
\BOOKMARK [2][-]{subsection.7.3}{\376\377\000O\000p\000t\000i\000m\000i\000z\000a\000s\000y\000o\000n\000\040\000v\000e\000\040\000D\000\374\000z\000e\000n\000l\000i\000l\000e\001\137\000t\000i\000r\000m\000e}{section.7}% 41
\BOOKMARK [1][-]{section.8}{\376\377\000M\000o\000d\000e\000l\000\040\000D\000e\001\037\000e\000r\000l\000e\000n\000d\000i\000r\000m\000e\000\040\000v\000e\000\040\000O\000p\000t\000i\000m\000i\000z\000a\000s\000y\000o\000n}{}% 42
\BOOKMARK [2][-]{subsection.8.1}{\376\377\000H\000i\000p\000e\000r\000p\000a\000r\000a\000m\000e\000t\000r\000e\000\040\000O\000p\000t\000i\000m\000i\000z\000a\000s\000y\000o\000n\000u\000\040\000S\000t\000r\000a\000t\000e\000j\000i\000l\000e\000r\000i}{section.8}% 43
\BOOKMARK [1][-]{section.9}{\376\377\000\326\000z\000e\000t\000\040\000K\000a\000r\001\137\001\061\000l\000a\001\137\000t\001\061\000r\000m\000a\000l\000a\000r\000\040\000v\000e\000\040\000K\000r\000i\000t\000i\000k\000\040\001\060\000p\000u\000\347\000l\000a\000r\001\061}{}% 44
\BOOKMARK [2][-]{subsection.9.1}{\376\377\000R\000e\000g\000r\000e\000s\000y\000o\000n\000\040\000v\000e\000\040\000D\000\374\000z\000e\000n\000l\000i\000l\000e\001\137\000t\000i\000r\000m\000e}{section.9}% 45
\BOOKMARK [2][-]{subsection.9.2}{\376\377\000M\000e\000s\000a\000f\000e\000\040\000v\000e\000\040\000S\001\061\000n\001\061\000f\000l\000a\000n\000d\001\061\000r\000m\000a}{section.9}% 46
\BOOKMARK [2][-]{subsection.9.3}{\376\377\000K\000a\000r\000a\000r\000\040\000A\001\037\000a\000\347\000l\000a\000r\001\061\000\040\000v\000e\000\040\000T\000o\000p\000l\000u\000l\000u\000k\000l\000a\000r}{section.9}% 47
\BOOKMARK [1][-]{section*.3}{\376\377\000K\000a\000y\000n\000a\000k\000\347\000a\000\040\000v\000e\000\040\000T\000e\001\137\000e\000k\000k\000\374\000r}{}% 48
